<?xml version="1.0" encoding="UTF-8" standalone="yes"?>
<ns2:test-suite start="1675840112952" stop="1675840116747" version="1.4.22" xmlns:ns2="urn:model.allure.qatools.yandex.ru">
    <name>Suite : Test</name>
    <title>Suite : Test</title>
    <test-cases>
        <test-case start="1675840113070" stop="1675840116655" status="broken">
            <name>personalInfo</name>
            <description></description>
            <failure>
                <message>SessionNotCreatedException: Could not start a new session. Response code 500. Message: session not created: This version of ChromeDriver only supports Chrome version 110
Current browser version is 109.0.5414.120 with binary path C:\Program Files (x86)\Google\Chrome\Application\chrome.exe 
Host info: host: 'DESKTOP-8TF2HVC', ip: '192.168.192.226'
Build info: version: '4.7.2', revision: '4d4020c3b7'
System info: os.name: 'Windows 10', os.arch: 'amd64', os.version: '10.0', java.version: '17.0.5'
Driver info: org.openqa.selenium.chrome.ChromeDriver
Command: [null, newSession {capabilities=[Capabilities {browserName: chrome, goog:chromeOptions: {args: [], extensions: []}}], desiredCapabilities=Capabilities {browserName: chrome, goog:chromeOptions: {args: [], extensions: []}}}]</message>
                <stack-trace>org.openqa.selenium.SessionNotCreatedException: Could not start a new session. Response code 500. Message: session not created: This version of ChromeDriver only supports Chrome version 110
Current browser version is 109.0.5414.120 with binary path C:\Program Files (x86)\Google\Chrome\Application\chrome.exe 
Host info: host: 'DESKTOP-8TF2HVC', ip: '192.168.192.226'
Build info: version: '4.7.2', revision: '4d4020c3b7'
System info: os.name: 'Windows 10', os.arch: 'amd64', os.version: '10.0', java.version: '17.0.5'
Driver info: org.openqa.selenium.chrome.ChromeDriver
Command: [null, newSession {capabilities=[Capabilities {browserName: chrome, goog:chromeOptions: {args: [], extensions: []}}], desiredCapabilities=Capabilities {browserName: chrome, goog:chromeOptions: {args: [], extensions: []}}}]&#13;
	at org.openqa.selenium.remote.ProtocolHandshake.createSession(ProtocolHandshake.java:148)&#13;
	at org.openqa.selenium.remote.ProtocolHandshake.createSession(ProtocolHandshake.java:106)&#13;
	at org.openqa.selenium.remote.ProtocolHandshake.createSession(ProtocolHandshake.java:67)&#13;
	at org.openqa.selenium.remote.HttpCommandExecutor.execute(HttpCommandExecutor.java:156)&#13;
	at org.openqa.selenium.remote.service.DriverCommandExecutor.invokeExecute(DriverCommandExecutor.java:167)&#13;
	at org.openqa.selenium.remote.service.DriverCommandExecutor.execute(DriverCommandExecutor.java:142)&#13;
	at org.openqa.selenium.remote.RemoteWebDriver.execute(RemoteWebDriver.java:535)&#13;
	at org.openqa.selenium.remote.RemoteWebDriver.startSession(RemoteWebDriver.java:228)&#13;
	at org.openqa.selenium.remote.RemoteWebDriver.&lt;init&gt;(RemoteWebDriver.java:156)&#13;
	at org.openqa.selenium.chromium.ChromiumDriver.&lt;init&gt;(ChromiumDriver.java:101)&#13;
	at org.openqa.selenium.chrome.ChromeDriver.&lt;init&gt;(ChromeDriver.java:82)&#13;
	at org.openqa.selenium.chrome.ChromeDriver.&lt;init&gt;(ChromeDriver.java:50)&#13;
	at HelperClass.HelperClass.launchbrowser(HelperClass.java:13)&#13;
	at pageObject.BasePage.nevigateToForm1(BasePage.java:85)&#13;
	at test.TestForm1.personalInfo(TestForm1.java:14)&#13;
	at java.base/jdk.internal.reflect.NativeMethodAccessorImpl.invoke0(Native Method)&#13;
	at java.base/jdk.internal.reflect.NativeMethodAccessorImpl.invoke(NativeMethodAccessorImpl.java:77)&#13;
	at java.base/jdk.internal.reflect.DelegatingMethodAccessorImpl.invoke(DelegatingMethodAccessorImpl.java:43)&#13;
	at java.base/java.lang.reflect.Method.invoke(Method.java:568)&#13;
	at org.testng.internal.MethodInvocationHelper.invokeMethod(MethodInvocationHelper.java:133)&#13;
	at org.testng.internal.TestInvoker.invokeMethod(TestInvoker.java:598)&#13;
	at org.testng.internal.TestInvoker.invokeTestMethod(TestInvoker.java:173)&#13;
	at org.testng.internal.MethodRunner.runInSequence(MethodRunner.java:46)&#13;
	at org.testng.internal.TestInvoker$MethodInvocationAgent.invoke(TestInvoker.java:824)&#13;
	at org.testng.internal.TestInvoker.invokeTestMethods(TestInvoker.java:146)&#13;
	at org.testng.internal.TestMethodWorker.invokeTestMethods(TestMethodWorker.java:146)&#13;
	at org.testng.internal.TestMethodWorker.run(TestMethodWorker.java:128)&#13;
	at java.base/java.util.ArrayList.forEach(ArrayList.java:1511)&#13;
	at org.testng.TestRunner.privateRun(TestRunner.java:794)&#13;
	at org.testng.TestRunner.run(TestRunner.java:596)&#13;
	at org.testng.SuiteRunner.runTest(SuiteRunner.java:377)&#13;
	at org.testng.SuiteRunner.runSequentially(SuiteRunner.java:371)&#13;
	at org.testng.SuiteRunner.privateRun(SuiteRunner.java:332)&#13;
	at org.testng.SuiteRunner.run(SuiteRunner.java:276)&#13;
	at org.testng.SuiteRunnerWorker.runSuite(SuiteRunnerWorker.java:53)&#13;
	at org.testng.SuiteRunnerWorker.run(SuiteRunnerWorker.java:96)&#13;
	at org.testng.TestNG.runSuitesSequentially(TestNG.java:1212)&#13;
	at org.testng.TestNG.runSuitesLocally(TestNG.java:1134)&#13;
	at org.testng.TestNG.runSuites(TestNG.java:1063)&#13;
	at org.testng.TestNG.run(TestNG.java:1031)&#13;
	at org.testng.remote.AbstractRemoteTestNG.run(AbstractRemoteTestNG.java:115)&#13;
	at org.testng.remote.RemoteTestNG.initAndRun(RemoteTestNG.java:251)&#13;
	at org.testng.remote.RemoteTestNG.main(RemoteTestNG.java:77)&#13;
</stack-trace>
            </failure>
            <steps/>
            <attachments/>
            <labels>
                <label name="host" value="DESKTOP-8TF2HVC"/>
                <label name="thread" value="13348@DESKTOP-8TF2HVC.main(1)"/>
            </labels>
        </test-case>
    </test-cases>
    <labels>
        <label name="framework" value="TestNG"/>
        <label name="language" value="JAVA"/>
    </labels>
</ns2:test-suite>
